<?xml version="1.0" encoding="UTF-8"?>
<!-- Generated by org.testng.reporters.JUnitReportReporter -->
<testsuite hostname="DESKTOP-THD52OT" failures="0" tests="1" name="Selenium_Project.Framework_Project_cration.AppTest" time="24.768" errors="0" timestamp="2024-01-23T19:55:50 EST" skipped="0">
  <testcase classname="Selenium_Project.Framework_Project_cration.AppTest" name="Programming" time="24.768"/>
  <system-out/>
</testsuite> <!-- Selenium_Project.Framework_Project_cration.AppTest -->
