<?xml version="1.0" encoding="UTF-8"?>
<!-- Generated by org.testng.reporters.JUnitReportReporter -->
<testsuite hostname="DESKTOP-THD52OT" failures="0" tests="1" name="Selenium_Project.Framework_Project_creation.AppTest" time="38.130" errors="0" timestamp="2024-01-27T13:25:48 EST" skipped="0">
  <testcase classname="Selenium_Project.Framework_Project_creation.AppTest" name="Programming" time="38.130"/>
  <system-out/>
</testsuite> <!-- Selenium_Project.Framework_Project_creation.AppTest -->
